2019-12-26 21:13:37,974 [main] INFO  [com.usts.salarymanage.SalarymanageApplicationTests] StartupInfoLogger.java:55 - Starting SalarymanageApplicationTests on gadeMacBook-Pro.local with PID 34838 (started by shawnyue in /Users/shawnyue/IdeaProjects/SalaryManage)
2019-12-26 21:13:37,976 [main] INFO  [com.usts.salarymanage.SalarymanageApplicationTests] SpringApplication.java:651 - No active profile set, falling back to default profiles: default
2019-12-26 21:13:38,749 [main] INFO  [o.s.d.r.config.RepositoryConfigurationDelegate] RepositoryConfigurationDelegate.java:246 - Multiple Spring Data modules found, entering strict repository configuration mode!
2019-12-26 21:13:38,755 [main] INFO  [o.s.d.r.config.RepositoryConfigurationDelegate] RepositoryConfigurationDelegate.java:126 - Bootstrapping Spring Data repositories in DEFAULT mode.
2019-12-26 21:13:38,783 [main] INFO  [o.s.d.r.config.RepositoryConfigurationDelegate] RepositoryConfigurationDelegate.java:184 - Finished Spring Data repository scanning in 10ms. Found 0 repository interfaces.
2019-12-26 21:13:39,310 [main] INFO  [o.s.c.s.PostProcessorRegistrationDelegate$BeanPostProcessorChecker] PostProcessorRegistrationDelegate.java:330 - Bean 'org.springframework.transaction.annotation.ProxyTransactionManagementConfiguration' of type [org.springframework.transaction.annotation.ProxyTransactionManagementConfiguration] is not eligible for getting processed by all BeanPostProcessors (for example: not eligible for auto-proxying)
2019-12-26 21:13:41,198 [main] INFO  [o.s.scheduling.concurrent.ThreadPoolTaskExecutor] ExecutorConfigurationSupport.java:171 - Initializing ExecutorService 'applicationTaskExecutor'
2019-12-26 21:13:41,656 [main] INFO  [s.d.s.web.plugins.DocumentationPluginsBootstrapper] DocumentationPluginsBootstrapper.java:120 - Context refreshed
2019-12-26 21:13:41,678 [main] INFO  [s.d.s.web.plugins.DocumentationPluginsBootstrapper] DocumentationPluginsBootstrapper.java:123 - Found 1 custom documentation plugin(s)
2019-12-26 21:13:41,690 [main] INFO  [s.d.spring.web.scanners.ApiListingReferenceScanner] ApiListingReferenceScanner.java:41 - Scanning for api listing references
2019-12-26 21:13:41,936 [main] INFO  [com.usts.salarymanage.SalarymanageApplicationTests] StartupInfoLogger.java:61 - Started SalarymanageApplicationTests in 4.375 seconds (JVM running for 5.382)
2019-12-26 21:13:42,199 [main] INFO  [com.zaxxer.hikari.HikariDataSource] HikariDataSource.java:110 - HikariPool-1 - Starting...
2019-12-26 21:13:42,403 [main] INFO  [com.zaxxer.hikari.HikariDataSource] HikariDataSource.java:123 - HikariPool-1 - Start completed.
2019-12-26 21:13:42,417 [main] DEBUG [c.u.s.mapper.TblEmployeeDao.selectByDepartmentId] BaseJdbcLogger.java:159 - ==>  Preparing: select * from tbl_emp WHERE emp_department = ? 
2019-12-26 21:13:42,447 [main] DEBUG [c.u.s.mapper.TblEmployeeDao.selectByDepartmentId] BaseJdbcLogger.java:159 - ==> Parameters: 2(Integer)
2019-12-26 21:13:42,472 [main] DEBUG [c.u.s.mapper.TblEmployeeDao.selectByDepartmentId] BaseJdbcLogger.java:159 - <==      Total: 2
2019-12-26 21:13:42,477 [main] DEBUG [c.u.s.mapper.TblEmployeeDao.selectByCareerId] BaseJdbcLogger.java:159 - ==>  Preparing: select * from tbl_emp WHERE emp_career = ? 
2019-12-26 21:13:42,477 [main] DEBUG [c.u.s.mapper.TblEmployeeDao.selectByCareerId] BaseJdbcLogger.java:159 - ==> Parameters: 2(Integer)
2019-12-26 21:13:42,479 [main] DEBUG [c.u.s.mapper.TblEmployeeDao.selectByCareerId] BaseJdbcLogger.java:159 - <==      Total: 2
2019-12-26 21:13:42,515 [SpringContextShutdownHook] INFO  [o.s.scheduling.concurrent.ThreadPoolTaskExecutor] ExecutorConfigurationSupport.java:208 - Shutting down ExecutorService 'applicationTaskExecutor'
2019-12-26 21:13:42,520 [SpringContextShutdownHook] INFO  [com.zaxxer.hikari.HikariDataSource] HikariDataSource.java:350 - HikariPool-1 - Shutdown initiated...
2019-12-26 21:13:42,526 [SpringContextShutdownHook] INFO  [com.zaxxer.hikari.HikariDataSource] HikariDataSource.java:352 - HikariPool-1 - Shutdown completed.
2019-12-26 23:15:20,052 [restartedMain] INFO  [com.usts.salarymanage.SalarymanageApplication] StartupInfoLogger.java:55 - Starting SalarymanageApplication on DESKTOP-O9CTQQ0 with PID 10264 (E:\workspace\SalaryManage\target\classes started by kedacom in E:\workspace\SalaryManage)
2019-12-26 23:15:20,055 [restartedMain] INFO  [com.usts.salarymanage.SalarymanageApplication] SpringApplication.java:651 - No active profile set, falling back to default profiles: default
2019-12-26 23:15:20,100 [restartedMain] INFO  [o.s.b.d.env.DevToolsPropertyDefaultsPostProcessor] DeferredLog.java:225 - Devtools property defaults active! Set 'spring.devtools.add-properties' to 'false' to disable
2019-12-26 23:15:20,100 [restartedMain] INFO  [o.s.b.d.env.DevToolsPropertyDefaultsPostProcessor] DeferredLog.java:225 - For additional web related logging consider setting the 'logging.level.web' property to 'DEBUG'
2019-12-26 23:15:20,934 [restartedMain] INFO  [o.s.d.r.config.RepositoryConfigurationDelegate] RepositoryConfigurationDelegate.java:246 - Multiple Spring Data modules found, entering strict repository configuration mode!
2019-12-26 23:15:20,937 [restartedMain] INFO  [o.s.d.r.config.RepositoryConfigurationDelegate] RepositoryConfigurationDelegate.java:126 - Bootstrapping Spring Data repositories in DEFAULT mode.
2019-12-26 23:15:20,969 [restartedMain] INFO  [o.s.d.r.config.RepositoryConfigurationDelegate] RepositoryConfigurationDelegate.java:184 - Finished Spring Data repository scanning in 15ms. Found 0 repository interfaces.
2019-12-26 23:15:21,277 [restartedMain] INFO  [o.s.c.s.PostProcessorRegistrationDelegate$BeanPostProcessorChecker] PostProcessorRegistrationDelegate.java:330 - Bean 'org.springframework.transaction.annotation.ProxyTransactionManagementConfiguration' of type [org.springframework.transaction.annotation.ProxyTransactionManagementConfiguration] is not eligible for getting processed by all BeanPostProcessors (for example: not eligible for auto-proxying)
2019-12-26 23:15:21,782 [restartedMain] INFO  [o.s.boot.web.embedded.tomcat.TomcatWebServer] TomcatWebServer.java:92 - Tomcat initialized with port(s): 8888 (http)
2019-12-26 23:15:21,792 [restartedMain] INFO  [org.apache.catalina.core.StandardService] DirectJDKLog.java:173 - Starting service [Tomcat]
2019-12-26 23:15:21,793 [restartedMain] INFO  [org.apache.catalina.core.StandardEngine] DirectJDKLog.java:173 - Starting Servlet engine: [Apache Tomcat/9.0.27]
2019-12-26 23:15:21,883 [restartedMain] INFO  [o.a.c.core.ContainerBase.[Tomcat].[localhost].[/]] DirectJDKLog.java:173 - Initializing Spring embedded WebApplicationContext
2019-12-26 23:15:21,883 [restartedMain] INFO  [org.springframework.web.context.ContextLoader] ServletWebServerApplicationContext.java:284 - Root WebApplicationContext: initialization completed in 1782 ms
2019-12-26 23:15:22,887 [restartedMain] INFO  [o.s.scheduling.concurrent.ThreadPoolTaskExecutor] ExecutorConfigurationSupport.java:171 - Initializing ExecutorService 'applicationTaskExecutor'
2019-12-26 23:15:22,922 [restartedMain] INFO  [o.s.b.d.autoconfigure.OptionalLiveReloadServer] OptionalLiveReloadServer.java:58 - LiveReload server is running on port 35729
2019-12-26 23:15:23,232 [restartedMain] INFO  [s.d.s.web.plugins.DocumentationPluginsBootstrapper] DocumentationPluginsBootstrapper.java:120 - Context refreshed
2019-12-26 23:15:23,247 [restartedMain] INFO  [s.d.s.web.plugins.DocumentationPluginsBootstrapper] DocumentationPluginsBootstrapper.java:123 - Found 1 custom documentation plugin(s)
2019-12-26 23:15:23,259 [restartedMain] INFO  [s.d.spring.web.scanners.ApiListingReferenceScanner] ApiListingReferenceScanner.java:41 - Scanning for api listing references
2019-12-26 23:15:23,525 [restartedMain] INFO  [o.s.boot.web.embedded.tomcat.TomcatWebServer] TomcatWebServer.java:204 - Tomcat started on port(s): 8888 (http) with context path ''
2019-12-26 23:15:23,528 [restartedMain] INFO  [com.usts.salarymanage.SalarymanageApplication] StartupInfoLogger.java:61 - Started SalarymanageApplication in 3.973 seconds (JVM running for 6.217)
2019-12-26 23:19:51,737 [Thread-12] INFO  [o.s.scheduling.concurrent.ThreadPoolTaskExecutor] ExecutorConfigurationSupport.java:208 - Shutting down ExecutorService 'applicationTaskExecutor'
2019-12-26 23:19:52,392 [restartedMain] INFO  [com.usts.salarymanage.SalarymanageApplication] StartupInfoLogger.java:55 - Starting SalarymanageApplication on DESKTOP-O9CTQQ0 with PID 10264 (E:\workspace\SalaryManage\target\classes started by kedacom in E:\workspace\SalaryManage)
2019-12-26 23:19:52,392 [restartedMain] INFO  [com.usts.salarymanage.SalarymanageApplication] SpringApplication.java:651 - No active profile set, falling back to default profiles: default
2019-12-26 23:19:52,698 [restartedMain] INFO  [o.s.d.r.config.RepositoryConfigurationDelegate] RepositoryConfigurationDelegate.java:246 - Multiple Spring Data modules found, entering strict repository configuration mode!
2019-12-26 23:19:52,699 [restartedMain] INFO  [o.s.d.r.config.RepositoryConfigurationDelegate] RepositoryConfigurationDelegate.java:126 - Bootstrapping Spring Data repositories in DEFAULT mode.
2019-12-26 23:19:52,707 [restartedMain] INFO  [o.s.d.r.config.RepositoryConfigurationDelegate] RepositoryConfigurationDelegate.java:184 - Finished Spring Data repository scanning in 8ms. Found 0 repository interfaces.
2019-12-26 23:19:52,767 [restartedMain] INFO  [o.s.c.s.PostProcessorRegistrationDelegate$BeanPostProcessorChecker] PostProcessorRegistrationDelegate.java:330 - Bean 'org.springframework.transaction.annotation.ProxyTransactionManagementConfiguration' of type [org.springframework.transaction.annotation.ProxyTransactionManagementConfiguration] is not eligible for getting processed by all BeanPostProcessors (for example: not eligible for auto-proxying)
2019-12-26 23:19:52,835 [restartedMain] WARN  [org.apache.tomcat.util.modeler.Registry] DirectJDKLog.java:173 - The MBean registry cannot be disabled because it has already been initialised
2019-12-26 23:19:52,871 [restartedMain] INFO  [o.s.boot.web.embedded.tomcat.TomcatWebServer] TomcatWebServer.java:92 - Tomcat initialized with port(s): 8888 (http)
2019-12-26 23:19:52,872 [restartedMain] INFO  [org.apache.catalina.core.StandardService] DirectJDKLog.java:173 - Starting service [Tomcat]
2019-12-26 23:19:52,872 [restartedMain] INFO  [org.apache.catalina.core.StandardEngine] DirectJDKLog.java:173 - Starting Servlet engine: [Apache Tomcat/9.0.27]
2019-12-26 23:19:52,906 [restartedMain] INFO  [o.a.c.core.ContainerBase.[Tomcat].[localhost].[/]] DirectJDKLog.java:173 - Initializing Spring embedded WebApplicationContext
2019-12-26 23:19:52,906 [restartedMain] INFO  [org.springframework.web.context.ContextLoader] ServletWebServerApplicationContext.java:284 - Root WebApplicationContext: initialization completed in 511 ms
2019-12-26 23:19:53,332 [restartedMain] INFO  [o.s.scheduling.concurrent.ThreadPoolTaskExecutor] ExecutorConfigurationSupport.java:171 - Initializing ExecutorService 'applicationTaskExecutor'
2019-12-26 23:19:53,381 [restartedMain] INFO  [o.s.b.d.autoconfigure.OptionalLiveReloadServer] OptionalLiveReloadServer.java:58 - LiveReload server is running on port 35729
2019-12-26 23:19:53,566 [restartedMain] INFO  [s.d.s.web.plugins.DocumentationPluginsBootstrapper] DocumentationPluginsBootstrapper.java:120 - Context refreshed
2019-12-26 23:19:53,566 [restartedMain] INFO  [s.d.s.web.plugins.DocumentationPluginsBootstrapper] DocumentationPluginsBootstrapper.java:123 - Found 1 custom documentation plugin(s)
2019-12-26 23:19:53,569 [restartedMain] INFO  [s.d.spring.web.scanners.ApiListingReferenceScanner] ApiListingReferenceScanner.java:41 - Scanning for api listing references
2019-12-26 23:19:53,647 [restartedMain] INFO  [o.s.boot.web.embedded.tomcat.TomcatWebServer] TomcatWebServer.java:204 - Tomcat started on port(s): 8888 (http) with context path ''
2019-12-26 23:19:53,647 [restartedMain] INFO  [com.usts.salarymanage.SalarymanageApplication] StartupInfoLogger.java:61 - Started SalarymanageApplication in 1.296 seconds (JVM running for 276.337)
2019-12-26 23:19:53,649 [restartedMain] INFO  [o.s.b.d.a.ConditionEvaluationDeltaLoggingListener] ConditionEvaluationDeltaLoggingListener.java:63 - Condition evaluation unchanged
2019-12-26 23:20:21,843 [http-nio-8888-exec-2] INFO  [o.a.c.core.ContainerBase.[Tomcat].[localhost].[/]] DirectJDKLog.java:173 - Initializing Spring DispatcherServlet 'dispatcherServlet'
2019-12-26 23:20:21,844 [http-nio-8888-exec-2] INFO  [org.springframework.web.servlet.DispatcherServlet] FrameworkServlet.java:525 - Initializing Servlet 'dispatcherServlet'
2019-12-26 23:20:21,859 [http-nio-8888-exec-2] INFO  [org.springframework.web.servlet.DispatcherServlet] FrameworkServlet.java:547 - Completed initialization in 14 ms
2019-12-26 23:20:22,001 [http-nio-8888-exec-2] INFO  [com.usts.salarymanage.aspectj.AopLog] AopLog.java:54 - 【请求 URL】：http://localhost:8888/api/employees/login
2019-12-26 23:20:22,004 [http-nio-8888-exec-2] INFO  [com.usts.salarymanage.aspectj.AopLog] AopLog.java:55 - 【请求类名】：com.usts.salarymanage.controller.EmployeeManageController，【请求方法名】：login
2019-12-26 23:20:22,097 [http-nio-8888-exec-2] INFO  [com.zaxxer.hikari.HikariDataSource] HikariDataSource.java:110 - HikariPool-1 - Starting...
2019-12-26 23:20:54,470 [restartedMain] INFO  [com.usts.salarymanage.SalarymanageApplication] StartupInfoLogger.java:55 - Starting SalarymanageApplication on DESKTOP-O9CTQQ0 with PID 13992 (E:\workspace\SalaryManage\target\classes started by kedacom in E:\workspace\SalaryManage)
2019-12-26 23:20:54,475 [restartedMain] INFO  [com.usts.salarymanage.SalarymanageApplication] SpringApplication.java:651 - No active profile set, falling back to default profiles: default
2019-12-26 23:20:54,538 [restartedMain] INFO  [o.s.b.d.env.DevToolsPropertyDefaultsPostProcessor] DeferredLog.java:225 - Devtools property defaults active! Set 'spring.devtools.add-properties' to 'false' to disable
2019-12-26 23:20:54,539 [restartedMain] INFO  [o.s.b.d.env.DevToolsPropertyDefaultsPostProcessor] DeferredLog.java:225 - For additional web related logging consider setting the 'logging.level.web' property to 'DEBUG'
2019-12-26 23:20:55,370 [restartedMain] INFO  [o.s.d.r.config.RepositoryConfigurationDelegate] RepositoryConfigurationDelegate.java:246 - Multiple Spring Data modules found, entering strict repository configuration mode!
2019-12-26 23:20:55,373 [restartedMain] INFO  [o.s.d.r.config.RepositoryConfigurationDelegate] RepositoryConfigurationDelegate.java:126 - Bootstrapping Spring Data repositories in DEFAULT mode.
2019-12-26 23:20:55,399 [restartedMain] INFO  [o.s.d.r.config.RepositoryConfigurationDelegate] RepositoryConfigurationDelegate.java:184 - Finished Spring Data repository scanning in 13ms. Found 0 repository interfaces.
2019-12-26 23:20:55,686 [restartedMain] INFO  [o.s.c.s.PostProcessorRegistrationDelegate$BeanPostProcessorChecker] PostProcessorRegistrationDelegate.java:330 - Bean 'org.springframework.transaction.annotation.ProxyTransactionManagementConfiguration' of type [org.springframework.transaction.annotation.ProxyTransactionManagementConfiguration] is not eligible for getting processed by all BeanPostProcessors (for example: not eligible for auto-proxying)
2019-12-26 23:20:56,163 [restartedMain] INFO  [o.s.boot.web.embedded.tomcat.TomcatWebServer] TomcatWebServer.java:92 - Tomcat initialized with port(s): 8888 (http)
2019-12-26 23:20:56,171 [restartedMain] INFO  [org.apache.catalina.core.StandardService] DirectJDKLog.java:173 - Starting service [Tomcat]
2019-12-26 23:20:56,172 [restartedMain] INFO  [org.apache.catalina.core.StandardEngine] DirectJDKLog.java:173 - Starting Servlet engine: [Apache Tomcat/9.0.27]
2019-12-26 23:20:56,257 [restartedMain] INFO  [o.a.c.core.ContainerBase.[Tomcat].[localhost].[/]] DirectJDKLog.java:173 - Initializing Spring embedded WebApplicationContext
2019-12-26 23:20:56,257 [restartedMain] INFO  [org.springframework.web.context.ContextLoader] ServletWebServerApplicationContext.java:284 - Root WebApplicationContext: initialization completed in 1718 ms
2019-12-26 23:20:57,243 [restartedMain] INFO  [o.s.scheduling.concurrent.ThreadPoolTaskExecutor] ExecutorConfigurationSupport.java:171 - Initializing ExecutorService 'applicationTaskExecutor'
2019-12-26 23:20:57,277 [restartedMain] INFO  [o.s.b.d.autoconfigure.OptionalLiveReloadServer] OptionalLiveReloadServer.java:58 - LiveReload server is running on port 35729
2019-12-26 23:20:57,578 [restartedMain] INFO  [s.d.s.web.plugins.DocumentationPluginsBootstrapper] DocumentationPluginsBootstrapper.java:120 - Context refreshed
2019-12-26 23:20:57,592 [restartedMain] INFO  [s.d.s.web.plugins.DocumentationPluginsBootstrapper] DocumentationPluginsBootstrapper.java:123 - Found 1 custom documentation plugin(s)
2019-12-26 23:20:57,603 [restartedMain] INFO  [s.d.spring.web.scanners.ApiListingReferenceScanner] ApiListingReferenceScanner.java:41 - Scanning for api listing references
2019-12-26 23:20:57,834 [restartedMain] INFO  [o.s.boot.web.embedded.tomcat.TomcatWebServer] TomcatWebServer.java:204 - Tomcat started on port(s): 8888 (http) with context path ''
2019-12-26 23:20:57,837 [restartedMain] INFO  [com.usts.salarymanage.SalarymanageApplication] StartupInfoLogger.java:61 - Started SalarymanageApplication in 4.135 seconds (JVM running for 5.534)
2019-12-26 23:21:48,567 [http-nio-8888-exec-2] INFO  [o.a.c.core.ContainerBase.[Tomcat].[localhost].[/]] DirectJDKLog.java:173 - Initializing Spring DispatcherServlet 'dispatcherServlet'
2019-12-26 23:21:48,568 [http-nio-8888-exec-2] INFO  [org.springframework.web.servlet.DispatcherServlet] FrameworkServlet.java:525 - Initializing Servlet 'dispatcherServlet'
2019-12-26 23:21:48,578 [http-nio-8888-exec-2] INFO  [org.springframework.web.servlet.DispatcherServlet] FrameworkServlet.java:547 - Completed initialization in 9 ms
2019-12-26 23:21:48,661 [http-nio-8888-exec-2] INFO  [com.usts.salarymanage.aspectj.AopLog] AopLog.java:54 - 【请求 URL】：http://localhost:8888/api/employees/login
2019-12-26 23:21:48,663 [http-nio-8888-exec-2] INFO  [com.usts.salarymanage.aspectj.AopLog] AopLog.java:55 - 【请求类名】：com.usts.salarymanage.controller.EmployeeManageController，【请求方法名】：login
2019-12-26 23:21:48,699 [http-nio-8888-exec-2] INFO  [com.zaxxer.hikari.HikariDataSource] HikariDataSource.java:110 - HikariPool-1 - Starting...
2019-12-26 23:22:34,981 [restartedMain] INFO  [com.usts.salarymanage.SalarymanageApplication] StartupInfoLogger.java:55 - Starting SalarymanageApplication on DESKTOP-O9CTQQ0 with PID 7848 (E:\workspace\SalaryManage\target\classes started by kedacom in E:\workspace\SalaryManage)
2019-12-26 23:22:34,985 [restartedMain] INFO  [com.usts.salarymanage.SalarymanageApplication] SpringApplication.java:651 - No active profile set, falling back to default profiles: default
2019-12-26 23:22:35,032 [restartedMain] INFO  [o.s.b.d.env.DevToolsPropertyDefaultsPostProcessor] DeferredLog.java:225 - Devtools property defaults active! Set 'spring.devtools.add-properties' to 'false' to disable
2019-12-26 23:22:35,032 [restartedMain] INFO  [o.s.b.d.env.DevToolsPropertyDefaultsPostProcessor] DeferredLog.java:225 - For additional web related logging consider setting the 'logging.level.web' property to 'DEBUG'
2019-12-26 23:22:35,826 [restartedMain] INFO  [o.s.d.r.config.RepositoryConfigurationDelegate] RepositoryConfigurationDelegate.java:246 - Multiple Spring Data modules found, entering strict repository configuration mode!
2019-12-26 23:22:35,828 [restartedMain] INFO  [o.s.d.r.config.RepositoryConfigurationDelegate] RepositoryConfigurationDelegate.java:126 - Bootstrapping Spring Data repositories in DEFAULT mode.
2019-12-26 23:22:35,854 [restartedMain] INFO  [o.s.d.r.config.RepositoryConfigurationDelegate] RepositoryConfigurationDelegate.java:184 - Finished Spring Data repository scanning in 13ms. Found 0 repository interfaces.
2019-12-26 23:22:36,147 [restartedMain] INFO  [o.s.c.s.PostProcessorRegistrationDelegate$BeanPostProcessorChecker] PostProcessorRegistrationDelegate.java:330 - Bean 'org.springframework.transaction.annotation.ProxyTransactionManagementConfiguration' of type [org.springframework.transaction.annotation.ProxyTransactionManagementConfiguration] is not eligible for getting processed by all BeanPostProcessors (for example: not eligible for auto-proxying)
2019-12-26 23:22:36,611 [restartedMain] INFO  [o.s.boot.web.embedded.tomcat.TomcatWebServer] TomcatWebServer.java:92 - Tomcat initialized with port(s): 8888 (http)
2019-12-26 23:22:36,619 [restartedMain] INFO  [org.apache.catalina.core.StandardService] DirectJDKLog.java:173 - Starting service [Tomcat]
2019-12-26 23:22:36,620 [restartedMain] INFO  [org.apache.catalina.core.StandardEngine] DirectJDKLog.java:173 - Starting Servlet engine: [Apache Tomcat/9.0.27]
2019-12-26 23:22:36,704 [restartedMain] INFO  [o.a.c.core.ContainerBase.[Tomcat].[localhost].[/]] DirectJDKLog.java:173 - Initializing Spring embedded WebApplicationContext
2019-12-26 23:22:36,704 [restartedMain] INFO  [org.springframework.web.context.ContextLoader] ServletWebServerApplicationContext.java:284 - Root WebApplicationContext: initialization completed in 1672 ms
2019-12-26 23:22:37,675 [restartedMain] INFO  [o.s.scheduling.concurrent.ThreadPoolTaskExecutor] ExecutorConfigurationSupport.java:171 - Initializing ExecutorService 'applicationTaskExecutor'
2019-12-26 23:22:37,712 [restartedMain] INFO  [o.s.b.d.autoconfigure.OptionalLiveReloadServer] OptionalLiveReloadServer.java:58 - LiveReload server is running on port 35729
2019-12-26 23:22:38,021 [restartedMain] INFO  [s.d.s.web.plugins.DocumentationPluginsBootstrapper] DocumentationPluginsBootstrapper.java:120 - Context refreshed
2019-12-26 23:22:38,039 [restartedMain] INFO  [s.d.s.web.plugins.DocumentationPluginsBootstrapper] DocumentationPluginsBootstrapper.java:123 - Found 1 custom documentation plugin(s)
2019-12-26 23:22:38,064 [restartedMain] INFO  [s.d.spring.web.scanners.ApiListingReferenceScanner] ApiListingReferenceScanner.java:41 - Scanning for api listing references
2019-12-26 23:22:38,292 [restartedMain] INFO  [o.s.boot.web.embedded.tomcat.TomcatWebServer] TomcatWebServer.java:204 - Tomcat started on port(s): 8888 (http) with context path ''
2019-12-26 23:22:38,295 [restartedMain] INFO  [com.usts.salarymanage.SalarymanageApplication] StartupInfoLogger.java:61 - Started SalarymanageApplication in 4.071 seconds (JVM running for 5.705)
2019-12-26 23:23:06,595 [http-nio-8888-exec-1] INFO  [o.a.c.core.ContainerBase.[Tomcat].[localhost].[/]] DirectJDKLog.java:173 - Initializing Spring DispatcherServlet 'dispatcherServlet'
2019-12-26 23:23:06,595 [http-nio-8888-exec-1] INFO  [org.springframework.web.servlet.DispatcherServlet] FrameworkServlet.java:525 - Initializing Servlet 'dispatcherServlet'
2019-12-26 23:23:06,605 [http-nio-8888-exec-1] INFO  [org.springframework.web.servlet.DispatcherServlet] FrameworkServlet.java:547 - Completed initialization in 9 ms
2019-12-26 23:23:06,676 [http-nio-8888-exec-1] INFO  [com.usts.salarymanage.aspectj.AopLog] AopLog.java:54 - 【请求 URL】：http://localhost:8888/api/employees/login
2019-12-26 23:23:06,680 [http-nio-8888-exec-1] INFO  [com.usts.salarymanage.aspectj.AopLog] AopLog.java:55 - 【请求类名】：com.usts.salarymanage.controller.EmployeeManageController，【请求方法名】：login
2019-12-26 23:23:06,717 [http-nio-8888-exec-1] INFO  [com.zaxxer.hikari.HikariDataSource] HikariDataSource.java:110 - HikariPool-1 - Starting...
2019-12-26 23:24:23,858 [restartedMain] INFO  [com.usts.salarymanage.SalarymanageApplication] StartupInfoLogger.java:55 - Starting SalarymanageApplication on DESKTOP-O9CTQQ0 with PID 13124 (E:\workspace\SalaryManage\target\classes started by kedacom in E:\workspace\SalaryManage)
2019-12-26 23:24:23,861 [restartedMain] INFO  [com.usts.salarymanage.SalarymanageApplication] SpringApplication.java:651 - No active profile set, falling back to default profiles: default
2019-12-26 23:24:23,907 [restartedMain] INFO  [o.s.b.d.env.DevToolsPropertyDefaultsPostProcessor] DeferredLog.java:225 - Devtools property defaults active! Set 'spring.devtools.add-properties' to 'false' to disable
2019-12-26 23:24:23,907 [restartedMain] INFO  [o.s.b.d.env.DevToolsPropertyDefaultsPostProcessor] DeferredLog.java:225 - For additional web related logging consider setting the 'logging.level.web' property to 'DEBUG'
2019-12-26 23:24:24,700 [restartedMain] INFO  [o.s.d.r.config.RepositoryConfigurationDelegate] RepositoryConfigurationDelegate.java:246 - Multiple Spring Data modules found, entering strict repository configuration mode!
2019-12-26 23:24:24,703 [restartedMain] INFO  [o.s.d.r.config.RepositoryConfigurationDelegate] RepositoryConfigurationDelegate.java:126 - Bootstrapping Spring Data repositories in DEFAULT mode.
2019-12-26 23:24:24,729 [restartedMain] INFO  [o.s.d.r.config.RepositoryConfigurationDelegate] RepositoryConfigurationDelegate.java:184 - Finished Spring Data repository scanning in 13ms. Found 0 repository interfaces.
2019-12-26 23:24:25,017 [restartedMain] INFO  [o.s.c.s.PostProcessorRegistrationDelegate$BeanPostProcessorChecker] PostProcessorRegistrationDelegate.java:330 - Bean 'org.springframework.transaction.annotation.ProxyTransactionManagementConfiguration' of type [org.springframework.transaction.annotation.ProxyTransactionManagementConfiguration] is not eligible for getting processed by all BeanPostProcessors (for example: not eligible for auto-proxying)
2019-12-26 23:24:25,493 [restartedMain] INFO  [o.s.boot.web.embedded.tomcat.TomcatWebServer] TomcatWebServer.java:92 - Tomcat initialized with port(s): 8888 (http)
2019-12-26 23:24:25,501 [restartedMain] INFO  [org.apache.catalina.core.StandardService] DirectJDKLog.java:173 - Starting service [Tomcat]
2019-12-26 23:24:25,502 [restartedMain] INFO  [org.apache.catalina.core.StandardEngine] DirectJDKLog.java:173 - Starting Servlet engine: [Apache Tomcat/9.0.27]
2019-12-26 23:24:25,585 [restartedMain] INFO  [o.a.c.core.ContainerBase.[Tomcat].[localhost].[/]] DirectJDKLog.java:173 - Initializing Spring embedded WebApplicationContext
2019-12-26 23:24:25,585 [restartedMain] INFO  [org.springframework.web.context.ContextLoader] ServletWebServerApplicationContext.java:284 - Root WebApplicationContext: initialization completed in 1678 ms
2019-12-26 23:24:26,541 [restartedMain] INFO  [o.s.scheduling.concurrent.ThreadPoolTaskExecutor] ExecutorConfigurationSupport.java:171 - Initializing ExecutorService 'applicationTaskExecutor'
2019-12-26 23:24:26,575 [restartedMain] INFO  [o.s.b.d.autoconfigure.OptionalLiveReloadServer] OptionalLiveReloadServer.java:58 - LiveReload server is running on port 35729
2019-12-26 23:24:26,875 [restartedMain] INFO  [s.d.s.web.plugins.DocumentationPluginsBootstrapper] DocumentationPluginsBootstrapper.java:120 - Context refreshed
2019-12-26 23:24:26,890 [restartedMain] INFO  [s.d.s.web.plugins.DocumentationPluginsBootstrapper] DocumentationPluginsBootstrapper.java:123 - Found 1 custom documentation plugin(s)
2019-12-26 23:24:26,903 [restartedMain] INFO  [s.d.spring.web.scanners.ApiListingReferenceScanner] ApiListingReferenceScanner.java:41 - Scanning for api listing references
2019-12-26 23:24:27,173 [restartedMain] INFO  [o.s.boot.web.embedded.tomcat.TomcatWebServer] TomcatWebServer.java:204 - Tomcat started on port(s): 8888 (http) with context path ''
2019-12-26 23:24:27,177 [restartedMain] INFO  [com.usts.salarymanage.SalarymanageApplication] StartupInfoLogger.java:61 - Started SalarymanageApplication in 3.978 seconds (JVM running for 5.4)
2019-12-26 23:26:24,531 [http-nio-8888-exec-2] INFO  [o.a.c.core.ContainerBase.[Tomcat].[localhost].[/]] DirectJDKLog.java:173 - Initializing Spring DispatcherServlet 'dispatcherServlet'
2019-12-26 23:26:24,531 [http-nio-8888-exec-2] INFO  [org.springframework.web.servlet.DispatcherServlet] FrameworkServlet.java:525 - Initializing Servlet 'dispatcherServlet'
2019-12-26 23:26:24,540 [http-nio-8888-exec-2] INFO  [org.springframework.web.servlet.DispatcherServlet] FrameworkServlet.java:547 - Completed initialization in 9 ms
2019-12-26 23:26:24,613 [http-nio-8888-exec-2] INFO  [com.usts.salarymanage.aspectj.AopLog] AopLog.java:54 - 【请求 URL】：http://localhost:8888/api/employees/login
2019-12-26 23:26:24,615 [http-nio-8888-exec-2] INFO  [com.usts.salarymanage.aspectj.AopLog] AopLog.java:55 - 【请求类名】：com.usts.salarymanage.controller.EmployeeManageController，【请求方法名】：login
2019-12-26 23:26:24,648 [http-nio-8888-exec-2] INFO  [com.zaxxer.hikari.HikariDataSource] HikariDataSource.java:110 - HikariPool-1 - Starting...
2019-12-26 23:29:15,947 [restartedMain] INFO  [com.usts.salarymanage.SalarymanageApplication] StartupInfoLogger.java:55 - Starting SalarymanageApplication on DESKTOP-O9CTQQ0 with PID 8508 (E:\workspace\SalaryManage\target\classes started by kedacom in E:\workspace\SalaryManage)
2019-12-26 23:29:15,950 [restartedMain] INFO  [com.usts.salarymanage.SalarymanageApplication] SpringApplication.java:651 - No active profile set, falling back to default profiles: default
2019-12-26 23:29:15,993 [restartedMain] INFO  [o.s.b.d.env.DevToolsPropertyDefaultsPostProcessor] DeferredLog.java:225 - Devtools property defaults active! Set 'spring.devtools.add-properties' to 'false' to disable
2019-12-26 23:29:15,993 [restartedMain] INFO  [o.s.b.d.env.DevToolsPropertyDefaultsPostProcessor] DeferredLog.java:225 - For additional web related logging consider setting the 'logging.level.web' property to 'DEBUG'
2019-12-26 23:29:16,877 [restartedMain] INFO  [o.s.d.r.config.RepositoryConfigurationDelegate] RepositoryConfigurationDelegate.java:246 - Multiple Spring Data modules found, entering strict repository configuration mode!
2019-12-26 23:29:16,879 [restartedMain] INFO  [o.s.d.r.config.RepositoryConfigurationDelegate] RepositoryConfigurationDelegate.java:126 - Bootstrapping Spring Data repositories in DEFAULT mode.
2019-12-26 23:29:16,907 [restartedMain] INFO  [o.s.d.r.config.RepositoryConfigurationDelegate] RepositoryConfigurationDelegate.java:184 - Finished Spring Data repository scanning in 14ms. Found 0 repository interfaces.
2019-12-26 23:29:17,201 [restartedMain] INFO  [o.s.c.s.PostProcessorRegistrationDelegate$BeanPostProcessorChecker] PostProcessorRegistrationDelegate.java:330 - Bean 'org.springframework.transaction.annotation.ProxyTransactionManagementConfiguration' of type [org.springframework.transaction.annotation.ProxyTransactionManagementConfiguration] is not eligible for getting processed by all BeanPostProcessors (for example: not eligible for auto-proxying)
2019-12-26 23:29:17,681 [restartedMain] INFO  [o.s.boot.web.embedded.tomcat.TomcatWebServer] TomcatWebServer.java:92 - Tomcat initialized with port(s): 8888 (http)
2019-12-26 23:29:17,689 [restartedMain] INFO  [org.apache.catalina.core.StandardService] DirectJDKLog.java:173 - Starting service [Tomcat]
2019-12-26 23:29:17,689 [restartedMain] INFO  [org.apache.catalina.core.StandardEngine] DirectJDKLog.java:173 - Starting Servlet engine: [Apache Tomcat/9.0.27]
2019-12-26 23:29:17,790 [restartedMain] INFO  [o.a.c.core.ContainerBase.[Tomcat].[localhost].[/]] DirectJDKLog.java:173 - Initializing Spring embedded WebApplicationContext
2019-12-26 23:29:17,790 [restartedMain] INFO  [org.springframework.web.context.ContextLoader] ServletWebServerApplicationContext.java:284 - Root WebApplicationContext: initialization completed in 1796 ms
2019-12-26 23:29:18,765 [restartedMain] INFO  [o.s.scheduling.concurrent.ThreadPoolTaskExecutor] ExecutorConfigurationSupport.java:171 - Initializing ExecutorService 'applicationTaskExecutor'
2019-12-26 23:29:18,799 [restartedMain] INFO  [o.s.b.d.autoconfigure.OptionalLiveReloadServer] OptionalLiveReloadServer.java:58 - LiveReload server is running on port 35729
2019-12-26 23:29:19,107 [restartedMain] INFO  [s.d.s.web.plugins.DocumentationPluginsBootstrapper] DocumentationPluginsBootstrapper.java:120 - Context refreshed
2019-12-26 23:29:19,120 [restartedMain] INFO  [s.d.s.web.plugins.DocumentationPluginsBootstrapper] DocumentationPluginsBootstrapper.java:123 - Found 1 custom documentation plugin(s)
2019-12-26 23:29:19,133 [restartedMain] INFO  [s.d.spring.web.scanners.ApiListingReferenceScanner] ApiListingReferenceScanner.java:41 - Scanning for api listing references
2019-12-26 23:29:19,379 [restartedMain] INFO  [o.s.boot.web.embedded.tomcat.TomcatWebServer] TomcatWebServer.java:204 - Tomcat started on port(s): 8888 (http) with context path ''
2019-12-26 23:29:19,382 [restartedMain] INFO  [com.usts.salarymanage.SalarymanageApplication] StartupInfoLogger.java:61 - Started SalarymanageApplication in 4.064 seconds (JVM running for 5.663)
2019-12-26 23:29:39,083 [http-nio-8888-exec-2] INFO  [o.a.c.core.ContainerBase.[Tomcat].[localhost].[/]] DirectJDKLog.java:173 - Initializing Spring DispatcherServlet 'dispatcherServlet'
2019-12-26 23:29:39,084 [http-nio-8888-exec-2] INFO  [org.springframework.web.servlet.DispatcherServlet] FrameworkServlet.java:525 - Initializing Servlet 'dispatcherServlet'
2019-12-26 23:29:39,095 [http-nio-8888-exec-2] INFO  [org.springframework.web.servlet.DispatcherServlet] FrameworkServlet.java:547 - Completed initialization in 11 ms
2019-12-26 23:29:39,171 [http-nio-8888-exec-2] INFO  [com.usts.salarymanage.aspectj.AopLog] AopLog.java:54 - 【请求 URL】：http://localhost:8888/api/employees/login
2019-12-26 23:29:39,173 [http-nio-8888-exec-2] INFO  [com.usts.salarymanage.aspectj.AopLog] AopLog.java:55 - 【请求类名】：com.usts.salarymanage.controller.EmployeeManageController，【请求方法名】：login
2019-12-26 23:29:39,207 [http-nio-8888-exec-2] INFO  [com.zaxxer.hikari.HikariDataSource] HikariDataSource.java:110 - HikariPool-1 - Starting...
2019-12-26 23:31:17,000 [restartedMain] INFO  [com.usts.salarymanage.SalarymanageApplication] StartupInfoLogger.java:55 - Starting SalarymanageApplication on DESKTOP-O9CTQQ0 with PID 12180 (E:\workspace\SalaryManage\target\classes started by kedacom in E:\workspace\SalaryManage)
2019-12-26 23:31:17,004 [restartedMain] INFO  [com.usts.salarymanage.SalarymanageApplication] SpringApplication.java:651 - No active profile set, falling back to default profiles: default
2019-12-26 23:31:17,050 [restartedMain] INFO  [o.s.b.d.env.DevToolsPropertyDefaultsPostProcessor] DeferredLog.java:225 - Devtools property defaults active! Set 'spring.devtools.add-properties' to 'false' to disable
2019-12-26 23:31:17,050 [restartedMain] INFO  [o.s.b.d.env.DevToolsPropertyDefaultsPostProcessor] DeferredLog.java:225 - For additional web related logging consider setting the 'logging.level.web' property to 'DEBUG'
2019-12-26 23:31:17,853 [restartedMain] INFO  [o.s.d.r.config.RepositoryConfigurationDelegate] RepositoryConfigurationDelegate.java:246 - Multiple Spring Data modules found, entering strict repository configuration mode!
2019-12-26 23:31:17,855 [restartedMain] INFO  [o.s.d.r.config.RepositoryConfigurationDelegate] RepositoryConfigurationDelegate.java:126 - Bootstrapping Spring Data repositories in DEFAULT mode.
2019-12-26 23:31:17,881 [restartedMain] INFO  [o.s.d.r.config.RepositoryConfigurationDelegate] RepositoryConfigurationDelegate.java:184 - Finished Spring Data repository scanning in 13ms. Found 0 repository interfaces.
2019-12-26 23:31:18,166 [restartedMain] INFO  [o.s.c.s.PostProcessorRegistrationDelegate$BeanPostProcessorChecker] PostProcessorRegistrationDelegate.java:330 - Bean 'org.springframework.transaction.annotation.ProxyTransactionManagementConfiguration' of type [org.springframework.transaction.annotation.ProxyTransactionManagementConfiguration] is not eligible for getting processed by all BeanPostProcessors (for example: not eligible for auto-proxying)
2019-12-26 23:31:18,647 [restartedMain] INFO  [o.s.boot.web.embedded.tomcat.TomcatWebServer] TomcatWebServer.java:92 - Tomcat initialized with port(s): 8888 (http)
2019-12-26 23:31:18,656 [restartedMain] INFO  [org.apache.catalina.core.StandardService] DirectJDKLog.java:173 - Starting service [Tomcat]
2019-12-26 23:31:18,656 [restartedMain] INFO  [org.apache.catalina.core.StandardEngine] DirectJDKLog.java:173 - Starting Servlet engine: [Apache Tomcat/9.0.27]
2019-12-26 23:31:18,751 [restartedMain] INFO  [o.a.c.core.ContainerBase.[Tomcat].[localhost].[/]] DirectJDKLog.java:173 - Initializing Spring embedded WebApplicationContext
2019-12-26 23:31:18,751 [restartedMain] INFO  [org.springframework.web.context.ContextLoader] ServletWebServerApplicationContext.java:284 - Root WebApplicationContext: initialization completed in 1700 ms
2019-12-26 23:31:19,717 [restartedMain] INFO  [o.s.scheduling.concurrent.ThreadPoolTaskExecutor] ExecutorConfigurationSupport.java:171 - Initializing ExecutorService 'applicationTaskExecutor'
2019-12-26 23:31:19,751 [restartedMain] INFO  [o.s.b.d.autoconfigure.OptionalLiveReloadServer] OptionalLiveReloadServer.java:58 - LiveReload server is running on port 35729
2019-12-26 23:31:20,053 [restartedMain] INFO  [s.d.s.web.plugins.DocumentationPluginsBootstrapper] DocumentationPluginsBootstrapper.java:120 - Context refreshed
2019-12-26 23:31:20,067 [restartedMain] INFO  [s.d.s.web.plugins.DocumentationPluginsBootstrapper] DocumentationPluginsBootstrapper.java:123 - Found 1 custom documentation plugin(s)
2019-12-26 23:31:20,079 [restartedMain] INFO  [s.d.spring.web.scanners.ApiListingReferenceScanner] ApiListingReferenceScanner.java:41 - Scanning for api listing references
2019-12-26 23:31:20,331 [restartedMain] INFO  [o.s.boot.web.embedded.tomcat.TomcatWebServer] TomcatWebServer.java:204 - Tomcat started on port(s): 8888 (http) with context path ''
2019-12-26 23:31:20,334 [restartedMain] INFO  [com.usts.salarymanage.SalarymanageApplication] StartupInfoLogger.java:61 - Started SalarymanageApplication in 4.021 seconds (JVM running for 5.459)
2019-12-26 23:31:43,443 [http-nio-8888-exec-1] INFO  [o.a.c.core.ContainerBase.[Tomcat].[localhost].[/]] DirectJDKLog.java:173 - Initializing Spring DispatcherServlet 'dispatcherServlet'
2019-12-26 23:31:43,444 [http-nio-8888-exec-1] INFO  [org.springframework.web.servlet.DispatcherServlet] FrameworkServlet.java:525 - Initializing Servlet 'dispatcherServlet'
2019-12-26 23:31:43,454 [http-nio-8888-exec-1] INFO  [org.springframework.web.servlet.DispatcherServlet] FrameworkServlet.java:547 - Completed initialization in 10 ms
2019-12-26 23:31:43,524 [http-nio-8888-exec-1] INFO  [com.usts.salarymanage.aspectj.AopLog] AopLog.java:54 - 【请求 URL】：http://localhost:8888/api/employees/login
2019-12-26 23:31:43,526 [http-nio-8888-exec-1] INFO  [com.usts.salarymanage.aspectj.AopLog] AopLog.java:55 - 【请求类名】：com.usts.salarymanage.controller.EmployeeManageController，【请求方法名】：login
2019-12-26 23:31:43,560 [http-nio-8888-exec-1] INFO  [com.zaxxer.hikari.HikariDataSource] HikariDataSource.java:110 - HikariPool-1 - Starting...
2019-12-26 23:31:43,736 [http-nio-8888-exec-1] INFO  [com.zaxxer.hikari.HikariDataSource] HikariDataSource.java:123 - HikariPool-1 - Start completed.
2019-12-26 23:31:43,745 [http-nio-8888-exec-1] DEBUG [c.u.salarymanage.mapper.TblEmployeeDao.findByUser] BaseJdbcLogger.java:159 - ==>  Preparing: select * from tbl_emp where emp_username = ? and emp_password = ? 
2019-12-26 23:31:43,787 [http-nio-8888-exec-1] DEBUG [c.u.salarymanage.mapper.TblEmployeeDao.findByUser] BaseJdbcLogger.java:159 - ==> Parameters: admin(String), admin(String)
2019-12-26 23:31:43,821 [http-nio-8888-exec-1] DEBUG [c.u.salarymanage.mapper.TblEmployeeDao.findByUser] BaseJdbcLogger.java:159 - <==      Total: 1
2019-12-26 23:31:43,872 [http-nio-8888-exec-1] INFO  [com.usts.salarymanage.aspectj.AopLog] AopLog.java:73 - 【返回值】：{"code":200,"data":[{"id":1}],"isok":true,"message":"success"}
2019-12-26 23:32:04,627 [http-nio-8888-exec-3] INFO  [com.usts.salarymanage.aspectj.AopLog] AopLog.java:54 - 【请求 URL】：http://localhost:8888/api/employees/login
2019-12-26 23:32:04,627 [http-nio-8888-exec-3] INFO  [com.usts.salarymanage.aspectj.AopLog] AopLog.java:55 - 【请求类名】：com.usts.salarymanage.controller.EmployeeManageController，【请求方法名】：login
2019-12-26 23:32:04,629 [http-nio-8888-exec-3] DEBUG [c.u.salarymanage.mapper.TblEmployeeDao.findByUser] BaseJdbcLogger.java:159 - ==>  Preparing: select * from tbl_emp where emp_username = ? and emp_password = ? 
2019-12-26 23:32:04,629 [http-nio-8888-exec-3] DEBUG [c.u.salarymanage.mapper.TblEmployeeDao.findByUser] BaseJdbcLogger.java:159 - ==> Parameters: admin(String), admwin(String)
2019-12-26 23:32:04,630 [http-nio-8888-exec-3] DEBUG [c.u.salarymanage.mapper.TblEmployeeDao.findByUser] BaseJdbcLogger.java:159 - <==      Total: 0
2019-12-26 23:32:04,631 [http-nio-8888-exec-3] INFO  [com.usts.salarymanage.aspectj.AopLog] AopLog.java:73 - 【返回值】：{"code":200,"data":[],"isok":true,"message":"success"}
2019-12-26 23:32:08,726 [http-nio-8888-exec-4] INFO  [com.usts.salarymanage.aspectj.AopLog] AopLog.java:54 - 【请求 URL】：http://localhost:8888/api/employees/login
2019-12-26 23:32:08,727 [http-nio-8888-exec-4] INFO  [com.usts.salarymanage.aspectj.AopLog] AopLog.java:55 - 【请求类名】：com.usts.salarymanage.controller.EmployeeManageController，【请求方法名】：login
2019-12-26 23:32:08,728 [http-nio-8888-exec-4] DEBUG [c.u.salarymanage.mapper.TblEmployeeDao.findByUser] BaseJdbcLogger.java:159 - ==>  Preparing: select * from tbl_emp where emp_username = ? and emp_password = ? 
2019-12-26 23:32:08,728 [http-nio-8888-exec-4] DEBUG [c.u.salarymanage.mapper.TblEmployeeDao.findByUser] BaseJdbcLogger.java:159 - ==> Parameters: admin(String), admin(String)
2019-12-26 23:32:08,729 [http-nio-8888-exec-4] DEBUG [c.u.salarymanage.mapper.TblEmployeeDao.findByUser] BaseJdbcLogger.java:159 - <==      Total: 1
2019-12-26 23:32:08,730 [http-nio-8888-exec-4] INFO  [com.usts.salarymanage.aspectj.AopLog] AopLog.java:73 - 【返回值】：{"code":200,"data":[{"id":1}],"isok":true,"message":"success"}
2019-12-26 23:33:46,849 [Thread-12] INFO  [o.s.scheduling.concurrent.ThreadPoolTaskExecutor] ExecutorConfigurationSupport.java:208 - Shutting down ExecutorService 'applicationTaskExecutor'
2019-12-26 23:33:46,851 [Thread-12] INFO  [com.zaxxer.hikari.HikariDataSource] HikariDataSource.java:350 - HikariPool-1 - Shutdown initiated...
2019-12-26 23:33:46,856 [Thread-12] INFO  [com.zaxxer.hikari.HikariDataSource] HikariDataSource.java:352 - HikariPool-1 - Shutdown completed.
2019-12-26 23:33:50,820 [restartedMain] INFO  [com.usts.salarymanage.SalarymanageApplication] StartupInfoLogger.java:55 - Starting SalarymanageApplication on DESKTOP-O9CTQQ0 with PID 10328 (E:\workspace\SalaryManage\target\classes started by kedacom in E:\workspace\SalaryManage)
2019-12-26 23:33:50,824 [restartedMain] INFO  [com.usts.salarymanage.SalarymanageApplication] SpringApplication.java:651 - No active profile set, falling back to default profiles: default
2019-12-26 23:33:50,872 [restartedMain] INFO  [o.s.b.d.env.DevToolsPropertyDefaultsPostProcessor] DeferredLog.java:225 - Devtools property defaults active! Set 'spring.devtools.add-properties' to 'false' to disable
2019-12-26 23:33:50,873 [restartedMain] INFO  [o.s.b.d.env.DevToolsPropertyDefaultsPostProcessor] DeferredLog.java:225 - For additional web related logging consider setting the 'logging.level.web' property to 'DEBUG'
2019-12-26 23:33:51,841 [restartedMain] INFO  [o.s.d.r.config.RepositoryConfigurationDelegate] RepositoryConfigurationDelegate.java:246 - Multiple Spring Data modules found, entering strict repository configuration mode!
2019-12-26 23:33:51,844 [restartedMain] INFO  [o.s.d.r.config.RepositoryConfigurationDelegate] RepositoryConfigurationDelegate.java:126 - Bootstrapping Spring Data repositories in DEFAULT mode.
2019-12-26 23:33:51,876 [restartedMain] INFO  [o.s.d.r.config.RepositoryConfigurationDelegate] RepositoryConfigurationDelegate.java:184 - Finished Spring Data repository scanning in 17ms. Found 0 repository interfaces.
2019-12-26 23:33:52,202 [restartedMain] INFO  [o.s.c.s.PostProcessorRegistrationDelegate$BeanPostProcessorChecker] PostProcessorRegistrationDelegate.java:330 - Bean 'org.springframework.transaction.annotation.ProxyTransactionManagementConfiguration' of type [org.springframework.transaction.annotation.ProxyTransactionManagementConfiguration] is not eligible for getting processed by all BeanPostProcessors (for example: not eligible for auto-proxying)
2019-12-26 23:33:52,713 [restartedMain] INFO  [o.s.boot.web.embedded.tomcat.TomcatWebServer] TomcatWebServer.java:92 - Tomcat initialized with port(s): 8888 (http)
2019-12-26 23:33:52,721 [restartedMain] INFO  [org.apache.catalina.core.StandardService] DirectJDKLog.java:173 - Starting service [Tomcat]
2019-12-26 23:33:52,722 [restartedMain] INFO  [org.apache.catalina.core.StandardEngine] DirectJDKLog.java:173 - Starting Servlet engine: [Apache Tomcat/9.0.27]
2019-12-26 23:33:52,837 [restartedMain] INFO  [o.a.c.core.ContainerBase.[Tomcat].[localhost].[/]] DirectJDKLog.java:173 - Initializing Spring embedded WebApplicationContext
2019-12-26 23:33:52,838 [restartedMain] INFO  [org.springframework.web.context.ContextLoader] ServletWebServerApplicationContext.java:284 - Root WebApplicationContext: initialization completed in 1965 ms
2019-12-26 23:33:53,816 [restartedMain] INFO  [o.s.scheduling.concurrent.ThreadPoolTaskExecutor] ExecutorConfigurationSupport.java:171 - Initializing ExecutorService 'applicationTaskExecutor'
2019-12-26 23:33:53,850 [restartedMain] INFO  [o.s.b.d.autoconfigure.OptionalLiveReloadServer] OptionalLiveReloadServer.java:58 - LiveReload server is running on port 35729
2019-12-26 23:33:54,170 [restartedMain] INFO  [s.d.s.web.plugins.DocumentationPluginsBootstrapper] DocumentationPluginsBootstrapper.java:120 - Context refreshed
2019-12-26 23:33:54,184 [restartedMain] INFO  [s.d.s.web.plugins.DocumentationPluginsBootstrapper] DocumentationPluginsBootstrapper.java:123 - Found 1 custom documentation plugin(s)
2019-12-26 23:33:54,197 [restartedMain] INFO  [s.d.spring.web.scanners.ApiListingReferenceScanner] ApiListingReferenceScanner.java:41 - Scanning for api listing references
2019-12-26 23:33:54,458 [restartedMain] INFO  [o.s.boot.web.embedded.tomcat.TomcatWebServer] TomcatWebServer.java:204 - Tomcat started on port(s): 8888 (http) with context path ''
2019-12-26 23:33:54,461 [restartedMain] INFO  [com.usts.salarymanage.SalarymanageApplication] StartupInfoLogger.java:61 - Started SalarymanageApplication in 4.337 seconds (JVM running for 5.759)
2019-12-26 23:39:19,931 [http-nio-8888-exec-1] INFO  [o.a.c.core.ContainerBase.[Tomcat].[localhost].[/]] DirectJDKLog.java:173 - Initializing Spring DispatcherServlet 'dispatcherServlet'
2019-12-26 23:39:19,931 [http-nio-8888-exec-1] INFO  [org.springframework.web.servlet.DispatcherServlet] FrameworkServlet.java:525 - Initializing Servlet 'dispatcherServlet'
2019-12-26 23:39:19,941 [http-nio-8888-exec-1] INFO  [org.springframework.web.servlet.DispatcherServlet] FrameworkServlet.java:547 - Completed initialization in 9 ms
2019-12-26 23:47:10,883 [http-nio-8888-exec-6] INFO  [com.usts.salarymanage.aspectj.AopLog] AopLog.java:54 - 【请求 URL】：http://localhost:8888/api/employees/login
2019-12-26 23:47:10,885 [http-nio-8888-exec-6] INFO  [com.usts.salarymanage.aspectj.AopLog] AopLog.java:55 - 【请求类名】：com.usts.salarymanage.controller.EmployeeManageController，【请求方法名】：login
2019-12-26 23:47:10,917 [http-nio-8888-exec-6] INFO  [com.zaxxer.hikari.HikariDataSource] HikariDataSource.java:110 - HikariPool-1 - Starting...
2019-12-26 23:47:11,046 [http-nio-8888-exec-6] INFO  [com.zaxxer.hikari.HikariDataSource] HikariDataSource.java:123 - HikariPool-1 - Start completed.
2019-12-26 23:47:11,051 [http-nio-8888-exec-6] DEBUG [c.u.salarymanage.mapper.TblEmployeeDao.findByUser] BaseJdbcLogger.java:159 - ==>  Preparing: select * from tbl_emp where emp_username = ? and emp_password = ? 
2019-12-26 23:47:11,071 [http-nio-8888-exec-6] DEBUG [c.u.salarymanage.mapper.TblEmployeeDao.findByUser] BaseJdbcLogger.java:159 - ==> Parameters: null, admin(String)
2019-12-26 23:47:11,092 [http-nio-8888-exec-6] DEBUG [c.u.salarymanage.mapper.TblEmployeeDao.findByUser] BaseJdbcLogger.java:159 - <==      Total: 0
2019-12-26 23:47:11,118 [http-nio-8888-exec-6] INFO  [com.usts.salarymanage.aspectj.AopLog] AopLog.java:73 - 【返回值】：{"code":200,"data":[],"isok":true,"message":"success"}
2019-12-26 23:47:19,711 [http-nio-8888-exec-7] INFO  [com.usts.salarymanage.aspectj.AopLog] AopLog.java:54 - 【请求 URL】：http://localhost:8888/api/employees/login
2019-12-26 23:47:19,711 [http-nio-8888-exec-7] INFO  [com.usts.salarymanage.aspectj.AopLog] AopLog.java:55 - 【请求类名】：com.usts.salarymanage.controller.EmployeeManageController，【请求方法名】：login
2019-12-26 23:47:19,713 [http-nio-8888-exec-7] DEBUG [c.u.salarymanage.mapper.TblEmployeeDao.findByUser] BaseJdbcLogger.java:159 - ==>  Preparing: select * from tbl_emp where emp_username = ? and emp_password = ? 
2019-12-26 23:47:19,713 [http-nio-8888-exec-7] DEBUG [c.u.salarymanage.mapper.TblEmployeeDao.findByUser] BaseJdbcLogger.java:159 - ==> Parameters: null, admin1(String)
2019-12-26 23:47:19,714 [http-nio-8888-exec-7] DEBUG [c.u.salarymanage.mapper.TblEmployeeDao.findByUser] BaseJdbcLogger.java:159 - <==      Total: 0
2019-12-26 23:47:19,715 [http-nio-8888-exec-7] INFO  [com.usts.salarymanage.aspectj.AopLog] AopLog.java:73 - 【返回值】：{"code":200,"data":[],"isok":true,"message":"success"}
2019-12-26 23:47:32,222 [http-nio-8888-exec-8] INFO  [com.usts.salarymanage.aspectj.AopLog] AopLog.java:54 - 【请求 URL】：http://localhost:8888/api/employees/login
2019-12-26 23:47:32,222 [http-nio-8888-exec-8] INFO  [com.usts.salarymanage.aspectj.AopLog] AopLog.java:55 - 【请求类名】：com.usts.salarymanage.controller.EmployeeManageController，【请求方法名】：login
2019-12-26 23:47:32,223 [http-nio-8888-exec-8] DEBUG [c.u.salarymanage.mapper.TblEmployeeDao.findByUser] BaseJdbcLogger.java:159 - ==>  Preparing: select * from tbl_emp where emp_username = ? and emp_password = ? 
2019-12-26 23:47:32,224 [http-nio-8888-exec-8] DEBUG [c.u.salarymanage.mapper.TblEmployeeDao.findByUser] BaseJdbcLogger.java:159 - ==> Parameters: null, admin(String)
2019-12-26 23:47:32,226 [http-nio-8888-exec-8] DEBUG [c.u.salarymanage.mapper.TblEmployeeDao.findByUser] BaseJdbcLogger.java:159 - <==      Total: 0
2019-12-26 23:47:32,227 [http-nio-8888-exec-8] INFO  [com.usts.salarymanage.aspectj.AopLog] AopLog.java:73 - 【返回值】：{"code":200,"data":[],"isok":true,"message":"success"}
2019-12-26 23:48:57,599 [http-nio-8888-exec-10] INFO  [com.usts.salarymanage.aspectj.AopLog] AopLog.java:54 - 【请求 URL】：http://localhost:8888/api/employees/login
2019-12-26 23:48:57,600 [http-nio-8888-exec-10] INFO  [com.usts.salarymanage.aspectj.AopLog] AopLog.java:55 - 【请求类名】：com.usts.salarymanage.controller.EmployeeManageController，【请求方法名】：login
2019-12-26 23:48:57,601 [http-nio-8888-exec-10] DEBUG [c.u.salarymanage.mapper.TblEmployeeDao.findByUser] BaseJdbcLogger.java:159 - ==>  Preparing: select * from tbl_emp where emp_username = ? and emp_password = ? 
2019-12-26 23:48:57,602 [http-nio-8888-exec-10] DEBUG [c.u.salarymanage.mapper.TblEmployeeDao.findByUser] BaseJdbcLogger.java:159 - ==> Parameters: null, admin(String)
2019-12-26 23:48:57,604 [http-nio-8888-exec-10] DEBUG [c.u.salarymanage.mapper.TblEmployeeDao.findByUser] BaseJdbcLogger.java:159 - <==      Total: 0
2019-12-26 23:48:57,605 [http-nio-8888-exec-10] INFO  [com.usts.salarymanage.aspectj.AopLog] AopLog.java:73 - 【返回值】：{"code":200,"data":[],"isok":true,"message":"success"}
2019-12-26 23:49:47,875 [restartedMain] INFO  [com.usts.salarymanage.SalarymanageApplication] StartupInfoLogger.java:55 - Starting SalarymanageApplication on DESKTOP-O9CTQQ0 with PID 16728 (E:\workspace\SalaryManage\target\classes started by kedacom in E:\workspace\SalaryManage)
2019-12-26 23:49:47,879 [restartedMain] INFO  [com.usts.salarymanage.SalarymanageApplication] SpringApplication.java:651 - No active profile set, falling back to default profiles: default
2019-12-26 23:49:47,936 [restartedMain] INFO  [o.s.b.d.env.DevToolsPropertyDefaultsPostProcessor] DeferredLog.java:225 - Devtools property defaults active! Set 'spring.devtools.add-properties' to 'false' to disable
2019-12-26 23:49:47,936 [restartedMain] INFO  [o.s.b.d.env.DevToolsPropertyDefaultsPostProcessor] DeferredLog.java:225 - For additional web related logging consider setting the 'logging.level.web' property to 'DEBUG'
2019-12-26 23:49:48,748 [restartedMain] INFO  [o.s.d.r.config.RepositoryConfigurationDelegate] RepositoryConfigurationDelegate.java:246 - Multiple Spring Data modules found, entering strict repository configuration mode!
2019-12-26 23:49:48,750 [restartedMain] INFO  [o.s.d.r.config.RepositoryConfigurationDelegate] RepositoryConfigurationDelegate.java:126 - Bootstrapping Spring Data repositories in DEFAULT mode.
2019-12-26 23:49:48,776 [restartedMain] INFO  [o.s.d.r.config.RepositoryConfigurationDelegate] RepositoryConfigurationDelegate.java:184 - Finished Spring Data repository scanning in 13ms. Found 0 repository interfaces.
2019-12-26 23:49:49,072 [restartedMain] INFO  [o.s.c.s.PostProcessorRegistrationDelegate$BeanPostProcessorChecker] PostProcessorRegistrationDelegate.java:330 - Bean 'org.springframework.transaction.annotation.ProxyTransactionManagementConfiguration' of type [org.springframework.transaction.annotation.ProxyTransactionManagementConfiguration] is not eligible for getting processed by all BeanPostProcessors (for example: not eligible for auto-proxying)
2019-12-26 23:49:49,544 [restartedMain] INFO  [o.s.boot.web.embedded.tomcat.TomcatWebServer] TomcatWebServer.java:92 - Tomcat initialized with port(s): 8888 (http)
2019-12-26 23:49:49,552 [restartedMain] INFO  [org.apache.catalina.core.StandardService] DirectJDKLog.java:173 - Starting service [Tomcat]
2019-12-26 23:49:49,553 [restartedMain] INFO  [org.apache.catalina.core.StandardEngine] DirectJDKLog.java:173 - Starting Servlet engine: [Apache Tomcat/9.0.27]
2019-12-26 23:49:49,666 [restartedMain] INFO  [o.a.c.core.ContainerBase.[Tomcat].[localhost].[/]] DirectJDKLog.java:173 - Initializing Spring embedded WebApplicationContext
2019-12-26 23:49:49,666 [restartedMain] INFO  [org.springframework.web.context.ContextLoader] ServletWebServerApplicationContext.java:284 - Root WebApplicationContext: initialization completed in 1730 ms
2019-12-26 23:49:50,662 [restartedMain] INFO  [o.s.scheduling.concurrent.ThreadPoolTaskExecutor] ExecutorConfigurationSupport.java:171 - Initializing ExecutorService 'applicationTaskExecutor'
2019-12-26 23:49:50,697 [restartedMain] INFO  [o.s.b.d.autoconfigure.OptionalLiveReloadServer] OptionalLiveReloadServer.java:58 - LiveReload server is running on port 35729
2019-12-26 23:49:51,008 [restartedMain] INFO  [s.d.s.web.plugins.DocumentationPluginsBootstrapper] DocumentationPluginsBootstrapper.java:120 - Context refreshed
2019-12-26 23:49:51,022 [restartedMain] INFO  [s.d.s.web.plugins.DocumentationPluginsBootstrapper] DocumentationPluginsBootstrapper.java:123 - Found 1 custom documentation plugin(s)
2019-12-26 23:49:51,049 [restartedMain] INFO  [s.d.spring.web.scanners.ApiListingReferenceScanner] ApiListingReferenceScanner.java:41 - Scanning for api listing references
2019-12-26 23:49:51,279 [restartedMain] INFO  [o.s.boot.web.embedded.tomcat.TomcatWebServer] TomcatWebServer.java:204 - Tomcat started on port(s): 8888 (http) with context path ''
2019-12-26 23:49:51,282 [restartedMain] INFO  [com.usts.salarymanage.SalarymanageApplication] StartupInfoLogger.java:61 - Started SalarymanageApplication in 4.205 seconds (JVM running for 5.551)
2019-12-26 23:50:59,428 [http-nio-8888-exec-1] INFO  [o.a.c.core.ContainerBase.[Tomcat].[localhost].[/]] DirectJDKLog.java:173 - Initializing Spring DispatcherServlet 'dispatcherServlet'
2019-12-26 23:50:59,428 [http-nio-8888-exec-1] INFO  [org.springframework.web.servlet.DispatcherServlet] FrameworkServlet.java:525 - Initializing Servlet 'dispatcherServlet'
2019-12-26 23:50:59,438 [http-nio-8888-exec-1] INFO  [org.springframework.web.servlet.DispatcherServlet] FrameworkServlet.java:547 - Completed initialization in 10 ms
2019-12-26 23:50:59,509 [http-nio-8888-exec-1] INFO  [com.usts.salarymanage.aspectj.AopLog] AopLog.java:54 - 【请求 URL】：http://localhost:8888/api/employees/login
2019-12-26 23:50:59,511 [http-nio-8888-exec-1] INFO  [com.usts.salarymanage.aspectj.AopLog] AopLog.java:55 - 【请求类名】：com.usts.salarymanage.controller.EmployeeManageController，【请求方法名】：login
2019-12-26 23:50:59,542 [http-nio-8888-exec-1] INFO  [com.zaxxer.hikari.HikariDataSource] HikariDataSource.java:110 - HikariPool-1 - Starting...
2019-12-26 23:50:59,653 [http-nio-8888-exec-1] INFO  [com.zaxxer.hikari.HikariDataSource] HikariDataSource.java:123 - HikariPool-1 - Start completed.
2019-12-26 23:50:59,658 [http-nio-8888-exec-1] DEBUG [c.u.salarymanage.mapper.TblEmployeeDao.findByUser] BaseJdbcLogger.java:159 - ==>  Preparing: select * from tbl_emp where emp_username = ? and emp_password = ? 
2019-12-26 23:50:59,677 [http-nio-8888-exec-1] DEBUG [c.u.salarymanage.mapper.TblEmployeeDao.findByUser] BaseJdbcLogger.java:159 - ==> Parameters: null, admin(String)
2019-12-26 23:50:59,693 [http-nio-8888-exec-1] DEBUG [c.u.salarymanage.mapper.TblEmployeeDao.findByUser] BaseJdbcLogger.java:159 - <==      Total: 0
2019-12-26 23:50:59,715 [http-nio-8888-exec-1] INFO  [com.usts.salarymanage.aspectj.AopLog] AopLog.java:73 - 【返回值】：{"code":200,"data":[],"isok":true,"message":"success"}
2019-12-26 23:54:18,497 [http-nio-8888-exec-3] INFO  [com.usts.salarymanage.aspectj.AopLog] AopLog.java:54 - 【请求 URL】：http://localhost:8888/api/employees/login
2019-12-26 23:54:18,498 [http-nio-8888-exec-3] INFO  [com.usts.salarymanage.aspectj.AopLog] AopLog.java:55 - 【请求类名】：com.usts.salarymanage.controller.EmployeeManageController，【请求方法名】：login
2019-12-26 23:54:33,379 [http-nio-8888-exec-3] DEBUG [c.u.salarymanage.mapper.TblEmployeeDao.findByUser] BaseJdbcLogger.java:159 - ==>  Preparing: select * from tbl_emp where emp_username = ? and emp_password = ? 
2019-12-26 23:54:33,380 [http-nio-8888-exec-3] DEBUG [c.u.salarymanage.mapper.TblEmployeeDao.findByUser] BaseJdbcLogger.java:159 - ==> Parameters: admin(String), admin(String)
2019-12-26 23:54:33,385 [http-nio-8888-exec-3] DEBUG [c.u.salarymanage.mapper.TblEmployeeDao.findByUser] BaseJdbcLogger.java:159 - <==      Total: 1
2019-12-26 23:54:33,386 [http-nio-8888-exec-3] INFO  [com.usts.salarymanage.aspectj.AopLog] AopLog.java:73 - 【返回值】：{"code":200,"data":[{"empSex":"男","empName":"1","empDepartment":2,"empAge":1,"id":1,"empCareer":2}],"isok":true,"message":"success"}
2019-12-26 23:55:49,508 [http-nio-8888-exec-7] INFO  [com.usts.salarymanage.aspectj.AopLog] AopLog.java:54 - 【请求 URL】：http://localhost:8888/api/employees/login
2019-12-26 23:55:49,509 [http-nio-8888-exec-7] INFO  [com.usts.salarymanage.aspectj.AopLog] AopLog.java:55 - 【请求类名】：com.usts.salarymanage.controller.EmployeeManageController，【请求方法名】：login
2019-12-26 23:55:49,510 [http-nio-8888-exec-7] DEBUG [c.u.salarymanage.mapper.TblEmployeeDao.findByUser] BaseJdbcLogger.java:159 - ==>  Preparing: select * from tbl_emp where emp_username = ? and emp_password = ? 
2019-12-26 23:55:49,510 [http-nio-8888-exec-7] DEBUG [c.u.salarymanage.mapper.TblEmployeeDao.findByUser] BaseJdbcLogger.java:159 - ==> Parameters: admin(String), admin(String)
2019-12-26 23:55:49,512 [http-nio-8888-exec-7] DEBUG [c.u.salarymanage.mapper.TblEmployeeDao.findByUser] BaseJdbcLogger.java:159 - <==      Total: 1
2019-12-26 23:55:49,513 [http-nio-8888-exec-7] INFO  [com.usts.salarymanage.aspectj.AopLog] AopLog.java:73 - 【返回值】：{"code":200,"data":[{"empSex":"男","empName":"1","empDepartment":2,"empAge":1,"id":1,"empCareer":2}],"isok":true,"message":"success"}
2019-12-26 23:55:51,629 [http-nio-8888-exec-8] INFO  [com.usts.salarymanage.aspectj.AopLog] AopLog.java:54 - 【请求 URL】：http://localhost:8888/api/employees/login
2019-12-26 23:55:51,629 [http-nio-8888-exec-8] INFO  [com.usts.salarymanage.aspectj.AopLog] AopLog.java:55 - 【请求类名】：com.usts.salarymanage.controller.EmployeeManageController，【请求方法名】：login
2019-12-26 23:55:51,629 [http-nio-8888-exec-8] DEBUG [c.u.salarymanage.mapper.TblEmployeeDao.findByUser] BaseJdbcLogger.java:159 - ==>  Preparing: select * from tbl_emp where emp_username = ? and emp_password = ? 
2019-12-26 23:55:51,629 [http-nio-8888-exec-8] DEBUG [c.u.salarymanage.mapper.TblEmployeeDao.findByUser] BaseJdbcLogger.java:159 - ==> Parameters: admin(String), admin(String)
2019-12-26 23:55:51,631 [http-nio-8888-exec-8] DEBUG [c.u.salarymanage.mapper.TblEmployeeDao.findByUser] BaseJdbcLogger.java:159 - <==      Total: 1
2019-12-26 23:55:51,633 [http-nio-8888-exec-8] INFO  [com.usts.salarymanage.aspectj.AopLog] AopLog.java:73 - 【返回值】：{"code":200,"data":[{"empSex":"男","empName":"1","empDepartment":2,"empAge":1,"id":1,"empCareer":2}],"isok":true,"message":"success"}
2019-12-26 23:56:09,167 [http-nio-8888-exec-9] INFO  [com.usts.salarymanage.aspectj.AopLog] AopLog.java:54 - 【请求 URL】：http://localhost:8888/api/employees/login
2019-12-26 23:56:09,168 [http-nio-8888-exec-9] INFO  [com.usts.salarymanage.aspectj.AopLog] AopLog.java:55 - 【请求类名】：com.usts.salarymanage.controller.EmployeeManageController，【请求方法名】：login
2019-12-26 23:56:09,169 [http-nio-8888-exec-9] DEBUG [c.u.salarymanage.mapper.TblEmployeeDao.findByUser] BaseJdbcLogger.java:159 - ==>  Preparing: select * from tbl_emp where emp_username = ? and emp_password = ? 
2019-12-26 23:56:09,170 [http-nio-8888-exec-9] DEBUG [c.u.salarymanage.mapper.TblEmployeeDao.findByUser] BaseJdbcLogger.java:159 - ==> Parameters: admin(String), admin(String)
2019-12-26 23:56:09,172 [http-nio-8888-exec-9] DEBUG [c.u.salarymanage.mapper.TblEmployeeDao.findByUser] BaseJdbcLogger.java:159 - <==      Total: 1
2019-12-26 23:56:09,173 [http-nio-8888-exec-9] INFO  [com.usts.salarymanage.aspectj.AopLog] AopLog.java:73 - 【返回值】：{"code":200,"data":[{"empSex":"男","empName":"1","empDepartment":2,"empAge":1,"id":1,"empCareer":2}],"isok":true,"message":"success"}
2019-12-26 23:56:16,265 [http-nio-8888-exec-10] INFO  [com.usts.salarymanage.aspectj.AopLog] AopLog.java:54 - 【请求 URL】：http://localhost:8888/api/employees/login
2019-12-26 23:56:16,265 [http-nio-8888-exec-10] INFO  [com.usts.salarymanage.aspectj.AopLog] AopLog.java:55 - 【请求类名】：com.usts.salarymanage.controller.EmployeeManageController，【请求方法名】：login
2019-12-26 23:56:16,266 [http-nio-8888-exec-10] DEBUG [c.u.salarymanage.mapper.TblEmployeeDao.findByUser] BaseJdbcLogger.java:159 - ==>  Preparing: select * from tbl_emp where emp_username = ? and emp_password = ? 
2019-12-26 23:56:16,267 [http-nio-8888-exec-10] DEBUG [c.u.salarymanage.mapper.TblEmployeeDao.findByUser] BaseJdbcLogger.java:159 - ==> Parameters: admin(String), adminq(String)
2019-12-26 23:56:16,268 [http-nio-8888-exec-10] DEBUG [c.u.salarymanage.mapper.TblEmployeeDao.findByUser] BaseJdbcLogger.java:159 - <==      Total: 0
2019-12-26 23:56:16,268 [http-nio-8888-exec-10] INFO  [com.usts.salarymanage.aspectj.AopLog] AopLog.java:73 - 【返回值】：{"code":200,"data":[],"isok":true,"message":"success"}
2019-12-26 23:56:20,346 [http-nio-8888-exec-1] INFO  [com.usts.salarymanage.aspectj.AopLog] AopLog.java:54 - 【请求 URL】：http://localhost:8888/api/employees/login
2019-12-26 23:56:20,346 [http-nio-8888-exec-1] INFO  [com.usts.salarymanage.aspectj.AopLog] AopLog.java:55 - 【请求类名】：com.usts.salarymanage.controller.EmployeeManageController，【请求方法名】：login
2019-12-26 23:56:20,347 [http-nio-8888-exec-1] DEBUG [c.u.salarymanage.mapper.TblEmployeeDao.findByUser] BaseJdbcLogger.java:159 - ==>  Preparing: select * from tbl_emp where emp_username = ? and emp_password = ? 
2019-12-26 23:56:20,348 [http-nio-8888-exec-1] DEBUG [c.u.salarymanage.mapper.TblEmployeeDao.findByUser] BaseJdbcLogger.java:159 - ==> Parameters: admin(String), admin(String)
2019-12-26 23:56:20,350 [http-nio-8888-exec-1] DEBUG [c.u.salarymanage.mapper.TblEmployeeDao.findByUser] BaseJdbcLogger.java:159 - <==      Total: 1
2019-12-26 23:56:20,351 [http-nio-8888-exec-1] INFO  [com.usts.salarymanage.aspectj.AopLog] AopLog.java:73 - 【返回值】：{"code":200,"data":[{"empSex":"男","empName":"1","empDepartment":2,"empAge":1,"id":1,"empCareer":2}],"isok":true,"message":"success"}
2019-12-26 23:57:27,512 [http-nio-8888-exec-4] INFO  [com.usts.salarymanage.aspectj.AopLog] AopLog.java:54 - 【请求 URL】：http://localhost:8888/api/employees/login
2019-12-26 23:57:27,513 [http-nio-8888-exec-4] INFO  [com.usts.salarymanage.aspectj.AopLog] AopLog.java:55 - 【请求类名】：com.usts.salarymanage.controller.EmployeeManageController，【请求方法名】：login
2019-12-26 23:57:27,514 [http-nio-8888-exec-4] DEBUG [c.u.salarymanage.mapper.TblEmployeeDao.findByUser] BaseJdbcLogger.java:159 - ==>  Preparing: select * from tbl_emp where emp_username = ? and emp_password = ? 
2019-12-26 23:57:27,515 [http-nio-8888-exec-4] DEBUG [c.u.salarymanage.mapper.TblEmployeeDao.findByUser] BaseJdbcLogger.java:159 - ==> Parameters: null, admin(String)
2019-12-26 23:57:27,516 [http-nio-8888-exec-4] DEBUG [c.u.salarymanage.mapper.TblEmployeeDao.findByUser] BaseJdbcLogger.java:159 - <==      Total: 0
2019-12-26 23:57:27,517 [http-nio-8888-exec-4] INFO  [com.usts.salarymanage.aspectj.AopLog] AopLog.java:73 - 【返回值】：{"code":200,"data":[],"isok":true,"message":"success"}
2019-12-26 23:57:39,079 [http-nio-8888-exec-5] INFO  [com.usts.salarymanage.aspectj.AopLog] AopLog.java:54 - 【请求 URL】：http://localhost:8888/api/employees/login
2019-12-26 23:57:39,079 [http-nio-8888-exec-5] INFO  [com.usts.salarymanage.aspectj.AopLog] AopLog.java:55 - 【请求类名】：com.usts.salarymanage.controller.EmployeeManageController，【请求方法名】：login
2019-12-26 23:57:39,080 [http-nio-8888-exec-5] DEBUG [c.u.salarymanage.mapper.TblEmployeeDao.findByUser] BaseJdbcLogger.java:159 - ==>  Preparing: select * from tbl_emp where emp_username = ? and emp_password = ? 
2019-12-26 23:57:39,081 [http-nio-8888-exec-5] DEBUG [c.u.salarymanage.mapper.TblEmployeeDao.findByUser] BaseJdbcLogger.java:159 - ==> Parameters: null, admin(String)
2019-12-26 23:57:39,082 [http-nio-8888-exec-5] DEBUG [c.u.salarymanage.mapper.TblEmployeeDao.findByUser] BaseJdbcLogger.java:159 - <==      Total: 0
2019-12-26 23:57:39,082 [http-nio-8888-exec-5] INFO  [com.usts.salarymanage.aspectj.AopLog] AopLog.java:73 - 【返回值】：{"code":200,"data":[],"isok":true,"message":"success"}
2019-12-26 23:57:45,268 [http-nio-8888-exec-6] INFO  [com.usts.salarymanage.aspectj.AopLog] AopLog.java:54 - 【请求 URL】：http://localhost:8888/api/employees/login
2019-12-26 23:57:45,269 [http-nio-8888-exec-6] INFO  [com.usts.salarymanage.aspectj.AopLog] AopLog.java:55 - 【请求类名】：com.usts.salarymanage.controller.EmployeeManageController，【请求方法名】：login
2019-12-26 23:57:45,269 [http-nio-8888-exec-6] DEBUG [c.u.salarymanage.mapper.TblEmployeeDao.findByUser] BaseJdbcLogger.java:159 - ==>  Preparing: select * from tbl_emp where emp_username = ? and emp_password = ? 
2019-12-26 23:57:45,270 [http-nio-8888-exec-6] DEBUG [c.u.salarymanage.mapper.TblEmployeeDao.findByUser] BaseJdbcLogger.java:159 - ==> Parameters: null, admin(String)
2019-12-26 23:57:45,271 [http-nio-8888-exec-6] DEBUG [c.u.salarymanage.mapper.TblEmployeeDao.findByUser] BaseJdbcLogger.java:159 - <==      Total: 0
2019-12-26 23:57:45,271 [http-nio-8888-exec-6] INFO  [com.usts.salarymanage.aspectj.AopLog] AopLog.java:73 - 【返回值】：{"code":200,"data":[],"isok":true,"message":"success"}
2019-12-26 23:58:15,749 [http-nio-8888-exec-8] INFO  [com.usts.salarymanage.aspectj.AopLog] AopLog.java:54 - 【请求 URL】：http://localhost:8888/api/employees/login
2019-12-26 23:58:15,750 [http-nio-8888-exec-8] INFO  [com.usts.salarymanage.aspectj.AopLog] AopLog.java:55 - 【请求类名】：com.usts.salarymanage.controller.EmployeeManageController，【请求方法名】：login
2019-12-26 23:58:15,751 [http-nio-8888-exec-8] DEBUG [c.u.salarymanage.mapper.TblEmployeeDao.findByUser] BaseJdbcLogger.java:159 - ==>  Preparing: select * from tbl_emp where emp_username = ? and emp_password = ? 
2019-12-26 23:58:15,751 [http-nio-8888-exec-8] DEBUG [c.u.salarymanage.mapper.TblEmployeeDao.findByUser] BaseJdbcLogger.java:159 - ==> Parameters: null, admin(String)
2019-12-26 23:58:15,752 [http-nio-8888-exec-8] DEBUG [c.u.salarymanage.mapper.TblEmployeeDao.findByUser] BaseJdbcLogger.java:159 - <==      Total: 0
2019-12-26 23:58:15,753 [http-nio-8888-exec-8] INFO  [com.usts.salarymanage.aspectj.AopLog] AopLog.java:73 - 【返回值】：{"code":200,"data":[],"isok":true,"message":"success"}
2019-12-26 23:59:15,437 [http-nio-8888-exec-10] INFO  [com.usts.salarymanage.aspectj.AopLog] AopLog.java:54 - 【请求 URL】：http://localhost:8888/api/employees/login
2019-12-26 23:59:15,438 [http-nio-8888-exec-10] INFO  [com.usts.salarymanage.aspectj.AopLog] AopLog.java:55 - 【请求类名】：com.usts.salarymanage.controller.EmployeeManageController，【请求方法名】：login
2019-12-26 23:59:15,439 [http-nio-8888-exec-10] DEBUG [c.u.salarymanage.mapper.TblEmployeeDao.findByUser] BaseJdbcLogger.java:159 - ==>  Preparing: select * from tbl_emp where emp_username = ? and emp_password = ? 
2019-12-26 23:59:15,439 [http-nio-8888-exec-10] DEBUG [c.u.salarymanage.mapper.TblEmployeeDao.findByUser] BaseJdbcLogger.java:159 - ==> Parameters: admin(String), admin(String)
2019-12-26 23:59:15,440 [http-nio-8888-exec-10] DEBUG [c.u.salarymanage.mapper.TblEmployeeDao.findByUser] BaseJdbcLogger.java:159 - <==      Total: 1
2019-12-26 23:59:15,442 [http-nio-8888-exec-10] INFO  [com.usts.salarymanage.aspectj.AopLog] AopLog.java:73 - 【返回值】：{"code":200,"data":[{"empSex":"男","empName":"1","empDepartment":2,"empAge":1,"id":1,"empCareer":2}],"isok":true,"message":"success"}
2019-12-26 23:59:19,004 [http-nio-8888-exec-2] INFO  [com.usts.salarymanage.aspectj.AopLog] AopLog.java:54 - 【请求 URL】：http://localhost:8888/api/employees/login
2019-12-26 23:59:19,005 [http-nio-8888-exec-2] INFO  [com.usts.salarymanage.aspectj.AopLog] AopLog.java:55 - 【请求类名】：com.usts.salarymanage.controller.EmployeeManageController，【请求方法名】：login
2019-12-26 23:59:19,006 [http-nio-8888-exec-2] DEBUG [c.u.salarymanage.mapper.TblEmployeeDao.findByUser] BaseJdbcLogger.java:159 - ==>  Preparing: select * from tbl_emp where emp_username = ? and emp_password = ? 
2019-12-26 23:59:19,006 [http-nio-8888-exec-2] DEBUG [c.u.salarymanage.mapper.TblEmployeeDao.findByUser] BaseJdbcLogger.java:159 - ==> Parameters: admin(String), admin(String)
2019-12-26 23:59:19,007 [http-nio-8888-exec-2] DEBUG [c.u.salarymanage.mapper.TblEmployeeDao.findByUser] BaseJdbcLogger.java:159 - <==      Total: 1
2019-12-26 23:59:19,008 [http-nio-8888-exec-2] INFO  [com.usts.salarymanage.aspectj.AopLog] AopLog.java:73 - 【返回值】：{"code":200,"data":[{"empSex":"男","empName":"1","empDepartment":2,"empAge":1,"id":1,"empCareer":2}],"isok":true,"message":"success"}
2019-12-26 23:59:20,751 [http-nio-8888-exec-4] INFO  [com.usts.salarymanage.aspectj.AopLog] AopLog.java:54 - 【请求 URL】：http://localhost:8888/api/employees/login
2019-12-26 23:59:20,752 [http-nio-8888-exec-4] INFO  [com.usts.salarymanage.aspectj.AopLog] AopLog.java:55 - 【请求类名】：com.usts.salarymanage.controller.EmployeeManageController，【请求方法名】：login
2019-12-26 23:59:20,753 [http-nio-8888-exec-4] DEBUG [c.u.salarymanage.mapper.TblEmployeeDao.findByUser] BaseJdbcLogger.java:159 - ==>  Preparing: select * from tbl_emp where emp_username = ? and emp_password = ? 
2019-12-26 23:59:20,753 [http-nio-8888-exec-4] DEBUG [c.u.salarymanage.mapper.TblEmployeeDao.findByUser] BaseJdbcLogger.java:159 - ==> Parameters: admin1(String), admin(String)
2019-12-26 23:59:20,754 [http-nio-8888-exec-4] DEBUG [c.u.salarymanage.mapper.TblEmployeeDao.findByUser] BaseJdbcLogger.java:159 - <==      Total: 0
2019-12-26 23:59:20,755 [http-nio-8888-exec-4] INFO  [com.usts.salarymanage.aspectj.AopLog] AopLog.java:73 - 【返回值】：{"code":200,"data":[],"isok":true,"message":"success"}
